[debug] [2025-09-11T10:43:11.954Z] ----------------------------------------------------------------------
[debug] [2025-09-11T10:43:11.962Z] Command:       /usr/local/bin/node /usr/local/bin/firebase init
[debug] [2025-09-11T10:43:11.962Z] CLI Version:   14.16.0
[debug] [2025-09-11T10:43:11.962Z] Platform:      darwin
[debug] [2025-09-11T10:43:11.962Z] Node Version:  v22.19.0
[debug] [2025-09-11T10:43:11.963Z] Time:          Thu Sep 11 2025 12:43:11 GMT+0200 (Central European Summer Time)
[debug] [2025-09-11T10:43:11.963Z] ----------------------------------------------------------------------
[debug] 
[debug] [2025-09-11T10:43:12.072Z] > command requires scopes: ["email","openid","https://www.googleapis.com/auth/cloudplatformprojects.readonly","https://www.googleapis.com/auth/firebase","https://www.googleapis.com/auth/cloud-platform"]
[debug] [2025-09-11T10:43:12.072Z] > authorizing via signed-in user (armin.garshasebi@hotmail.de)
[info] 
     ######## #### ########  ######## ########     ###     ######  ########
     ##        ##  ##     ## ##       ##     ##  ##   ##  ##       ##
     ######    ##  ########  ######   ########  #########  ######  ######
     ##        ##  ##    ##  ##       ##     ## ##     ##       ## ##
     ##       #### ##     ## ######## ########  ##     ##  ######  ########

You're about to initialize a Firebase project in this directory:

  /Users/Silvia

Before we get started, keep in mind:

  * You are initializing within an existing Firebase project directory

